[  447721ms] [WARNING] TypeError: Failed to fetch
    at http://localhost:3000/_next/static/chunks/5017-0d050b99a31c9453.js:1:5052
    at http://localhost:3000/_next/static/chunks/5017-0d050b99a31c9453.js:1:5230
    at o0 (http://localhost:3000/_next/static/chunks/373b78b3-1e34f33d0b525730.js:1:88667)
    at ux (http://localhost:3000/_next/static/chunks/373b78b3-1e34f33d0b525730.js:1:104556)
    at uS (http://localhost:3000/_next/static/chunks/373b78b3-1e34f33d0b525730.js:1:104440)
    at ux (http://localhost:3000/_next/static/chunks/373b78b3-1e34f33d0b525730.js:1:104601)
    at uS (http://localhost:3000/_next/static/chunks/373b78b3-1e34f33d0b525730.js:1:104440)
    at ux (http://localhost:3000/_next/static/chunks/373b78b3-1e34f33d0b525730.js:1:104601)
    at uS (http://localhost:3000/_next/static/chunks/373b78b3-1e34f33d0b525730.js:1:104440)
    at ux (http://localhost:3000/_next/static/chunks/373b78b3-1e34f33d0b525730.js:1:104536) @ http://localhost:3000/_next/static/chunks/5017-0d050b99a31c9453.js:0
[  631652ms] Error: Minified React error #418; visit https://react.dev/errors/418?args[]=text&args[]= for the full message or use the non-minified dev environment for full errors and additional helpful warnings.
    at rD (http://localhost:3000/_next/static/chunks/373b78b3-1e34f33d0b525730.js:1:35061)
    at http://localhost:3000/_next/static/chunks/373b78b3-1e34f33d0b525730.js:1:119358
    at iS (http://localhost:3000/_next/static/chunks/373b78b3-1e34f33d0b525730.js:1:122662)
    at ib (http://localhost:3000/_next/static/chunks/373b78b3-1e34f33d0b525730.js:1:114450)
    at http://localhost:3000/_next/static/chunks/373b78b3-1e34f33d0b525730.js:1:110437
    at io (http://localhost:3000/_next/static/chunks/373b78b3-1e34f33d0b525730.js:1:110538)
    at iY (http://localhost:3000/_next/static/chunks/373b78b3-1e34f33d0b525730.js:1:132641)
    at MessagePort.w (http://localhost:3000/_next/static/chunks/3310-1cba20eb207c2f12.js:1:33692)
[  634705ms] Error: Minified React error #418; visit https://react.dev/errors/418?args[]=text&args[]= for the full message or use the non-minified dev environment for full errors and additional helpful warnings.
    at rD (http://localhost:3000/_next/static/chunks/373b78b3-1e34f33d0b525730.js:1:35061)
    at http://localhost:3000/_next/static/chunks/373b78b3-1e34f33d0b525730.js:1:119358
    at iS (http://localhost:3000/_next/static/chunks/373b78b3-1e34f33d0b525730.js:1:122662)
    at ib (http://localhost:3000/_next/static/chunks/373b78b3-1e34f33d0b525730.js:1:114450)
    at http://localhost:3000/_next/static/chunks/373b78b3-1e34f33d0b525730.js:1:110437
    at io (http://localhost:3000/_next/static/chunks/373b78b3-1e34f33d0b525730.js:1:110538)
    at iY (http://localhost:3000/_next/static/chunks/373b78b3-1e34f33d0b525730.js:1:132641)
    at MessagePort.w (http://localhost:3000/_next/static/chunks/3310-1cba20eb207c2f12.js:1:33692)
[  635309ms] [ERROR] Failed to load resource: the server responded with a status of 500 (Internal Server Error) @ http://localhost:3000/articles/-----------1770693888630?_rsc=1u2ju:0
[  635309ms] [ERROR] Failed to load resource: the server responded with a status of 500 (Internal Server Error) @ http://localhost:3000/articles/----------1770693871838?_rsc=1u2ju:0
[  635309ms] [ERROR] Failed to load resource: the server responded with a status of 500 (Internal Server Error) @ http://localhost:3000/articles/----------1770693855984?_rsc=1u2ju:0
[  646470ms] [ERROR] Failed to load resource: the server responded with a status of 500 (Internal Server Error) @ http://localhost:3000/articles/----------1770693855984:0
[  648935ms] Error: Minified React error #418; visit https://react.dev/errors/418?args[]=text&args[]= for the full message or use the non-minified dev environment for full errors and additional helpful warnings.
    at rD (http://localhost:3000/_next/static/chunks/373b78b3-1e34f33d0b525730.js:1:35061)
    at http://localhost:3000/_next/static/chunks/373b78b3-1e34f33d0b525730.js:1:119358
    at iS (http://localhost:3000/_next/static/chunks/373b78b3-1e34f33d0b525730.js:1:122662)
    at ib (http://localhost:3000/_next/static/chunks/373b78b3-1e34f33d0b525730.js:1:114450)
    at http://localhost:3000/_next/static/chunks/373b78b3-1e34f33d0b525730.js:1:110437
    at io (http://localhost:3000/_next/static/chunks/373b78b3-1e34f33d0b525730.js:1:110538)
    at iY (http://localhost:3000/_next/static/chunks/373b78b3-1e34f33d0b525730.js:1:132641)
    at MessagePort.w (http://localhost:3000/_next/static/chunks/3310-1cba20eb207c2f12.js:1:33692)
[  648915ms] [ERROR] Failed to load resource: the server responded with a status of 500 (Internal Server Error) @ http://localhost:3000/articles/-----------1770693888630?_rsc=1u2ju:0
[  648916ms] [ERROR] Failed to load resource: the server responded with a status of 500 (Internal Server Error) @ http://localhost:3000/articles/----------1770693871838?_rsc=1u2ju:0
[  648924ms] [ERROR] Failed to load resource: the server responded with a status of 500 (Internal Server Error) @ http://localhost:3000/articles/----------1770693855984?_rsc=1u2ju:0
[  652477ms] [ERROR] Failed to load resource: the server responded with a status of 500 (Internal Server Error) @ http://localhost:3000/articles/----------1770693855984:0
[  665865ms] Error: Minified React error #418; visit https://react.dev/errors/418?args[]=text&args[]= for the full message or use the non-minified dev environment for full errors and additional helpful warnings.
    at rD (http://localhost:3000/_next/static/chunks/373b78b3-1e34f33d0b525730.js:1:35061)
    at http://localhost:3000/_next/static/chunks/373b78b3-1e34f33d0b525730.js:1:119358
    at iS (http://localhost:3000/_next/static/chunks/373b78b3-1e34f33d0b525730.js:1:122662)
    at ib (http://localhost:3000/_next/static/chunks/373b78b3-1e34f33d0b525730.js:1:114450)
    at http://localhost:3000/_next/static/chunks/373b78b3-1e34f33d0b525730.js:1:110437
    at io (http://localhost:3000/_next/static/chunks/373b78b3-1e34f33d0b525730.js:1:110538)
    at iY (http://localhost:3000/_next/static/chunks/373b78b3-1e34f33d0b525730.js:1:132641)
    at MessagePort.w (http://localhost:3000/_next/static/chunks/3310-1cba20eb207c2f12.js:1:33692)
[  665950ms] [ERROR] Failed to load resource: the server responded with a status of 500 (Internal Server Error) @ http://localhost:3000/articles/-----------1770693888630?_rsc=1u2ju:0
[  665970ms] [ERROR] Failed to load resource: the server responded with a status of 500 (Internal Server Error) @ http://localhost:3000/articles/----------1770693871838?_rsc=1u2ju:0
[  665971ms] [ERROR] Failed to load resource: the server responded with a status of 500 (Internal Server Error) @ http://localhost:3000/articles/----------1770693855984?_rsc=1u2ju:0
[  670085ms] [ERROR] Failed to load resource: the server responded with a status of 500 (Internal Server Error) @ http://localhost:3000/articles/-----------1770693888630:0
[  770665ms] Error: Minified React error #418; visit https://react.dev/errors/418?args[]=text&args[]= for the full message or use the non-minified dev environment for full errors and additional helpful warnings.
    at rD (http://localhost:3000/_next/static/chunks/373b78b3-1e34f33d0b525730.js:1:35061)
    at http://localhost:3000/_next/static/chunks/373b78b3-1e34f33d0b525730.js:1:119358
    at iS (http://localhost:3000/_next/static/chunks/373b78b3-1e34f33d0b525730.js:1:122662)
    at ib (http://localhost:3000/_next/static/chunks/373b78b3-1e34f33d0b525730.js:1:114450)
    at http://localhost:3000/_next/static/chunks/373b78b3-1e34f33d0b525730.js:1:110437
    at io (http://localhost:3000/_next/static/chunks/373b78b3-1e34f33d0b525730.js:1:110538)
    at iY (http://localhost:3000/_next/static/chunks/373b78b3-1e34f33d0b525730.js:1:132641)
    at MessagePort.w (http://localhost:3000/_next/static/chunks/3310-1cba20eb207c2f12.js:1:33692)
[  770691ms] [ERROR] Failed to load resource: the server responded with a status of 500 (Internal Server Error) @ http://localhost:3000/articles/-----------1770693888630?_rsc=1u2ju:0
[  770708ms] [ERROR] Failed to load resource: the server responded with a status of 500 (Internal Server Error) @ http://localhost:3000/articles/----------1770693871838?_rsc=1u2ju:0
[  770720ms] [ERROR] Failed to load resource: the server responded with a status of 500 (Internal Server Error) @ http://localhost:3000/articles/----------1770693855984?_rsc=1u2ju:0
[  783833ms] [ERROR] Failed to load resource: the server responded with a status of 500 (Internal Server Error) @ http://localhost:3000/articles/-------1770693920092?_rsc=1u2ju:0
[  783848ms] [ERROR] Failed to load resource: the server responded with a status of 500 (Internal Server Error) @ http://localhost:3000/articles/------------1770693905079?_rsc=1u2ju:0
[  787065ms] [ERROR] Failed to load resource: the server responded with a status of 500 (Internal Server Error) @ http://localhost:3000/articles/-----------1770693888630?_rsc=1u2ju:0
[  787239ms] [ERROR] Failed to load resource: the server responded with a status of 500 (Internal Server Error) @ http://localhost:3000/articles/----------1770693871838?_rsc=1u2ju:0
[  787240ms] [ERROR] Failed to load resource: the server responded with a status of 500 (Internal Server Error) @ http://localhost:3000/articles/----------1770693855984?_rsc=1u2ju:0
[  807857ms] [ERROR] Failed to load resource: the server responded with a status of 500 (Internal Server Error) @ http://localhost:3000/articles/-------1770693920092?_rsc=1u2ju:0
[  807873ms] [ERROR] Failed to load resource: the server responded with a status of 500 (Internal Server Error) @ http://localhost:3000/articles/------------1770693905079?_rsc=1u2ju:0
[  807929ms] [ERROR] Failed to load resource: the server responded with a status of 500 (Internal Server Error) @ http://localhost:3000/articles/----------1770693871838?_rsc=1u2ju:0
[  807929ms] [ERROR] Failed to load resource: the server responded with a status of 500 (Internal Server Error) @ http://localhost:3000/articles/-----------1770693888630?_rsc=1u2ju:0
[  807945ms] [ERROR] Failed to load resource: the server responded with a status of 500 (Internal Server Error) @ http://localhost:3000/articles/----------1770693855984?_rsc=1u2ju:0
[  867204ms] [ERROR] Failed to load resource: the server responded with a status of 500 (Internal Server Error) @ http://localhost:3000/articles/----------1770693871838:0
[  868880ms] Error: Minified React error #418; visit https://react.dev/errors/418?args[]=text&args[]= for the full message or use the non-minified dev environment for full errors and additional helpful warnings.
    at rD (http://localhost:3000/_next/static/chunks/373b78b3-1e34f33d0b525730.js:1:35061)
    at http://localhost:3000/_next/static/chunks/373b78b3-1e34f33d0b525730.js:1:119358
    at iS (http://localhost:3000/_next/static/chunks/373b78b3-1e34f33d0b525730.js:1:122662)
    at ib (http://localhost:3000/_next/static/chunks/373b78b3-1e34f33d0b525730.js:1:114450)
    at http://localhost:3000/_next/static/chunks/373b78b3-1e34f33d0b525730.js:1:110437
    at io (http://localhost:3000/_next/static/chunks/373b78b3-1e34f33d0b525730.js:1:110538)
    at iY (http://localhost:3000/_next/static/chunks/373b78b3-1e34f33d0b525730.js:1:132641)
    at MessagePort.w (http://localhost:3000/_next/static/chunks/3310-1cba20eb207c2f12.js:1:33692)
[  868865ms] [ERROR] Failed to load resource: the server responded with a status of 500 (Internal Server Error) @ http://localhost:3000/articles/-------1770693920092?_rsc=1u2ju:0
[  868872ms] [ERROR] Failed to load resource: the server responded with a status of 500 (Internal Server Error) @ http://localhost:3000/articles/------------1770693905079?_rsc=1u2ju:0
[  868892ms] [ERROR] Failed to load resource: the server responded with a status of 500 (Internal Server Error) @ http://localhost:3000/articles/----------1770693871838?_rsc=1u2ju:0
[  868892ms] [ERROR] Failed to load resource: the server responded with a status of 500 (Internal Server Error) @ http://localhost:3000/articles/-----------1770693888630?_rsc=1u2ju:0
[  868904ms] [ERROR] Failed to load resource: the server responded with a status of 500 (Internal Server Error) @ http://localhost:3000/articles/----------1770693855984?_rsc=1u2ju:0
[  965407ms] [ERROR] Failed to load resource: the server responded with a status of 500 (Internal Server Error) @ http://localhost:3000/articles/-------1770693920092:0
[  967118ms] Error: Minified React error #418; visit https://react.dev/errors/418?args[]=text&args[]= for the full message or use the non-minified dev environment for full errors and additional helpful warnings.
    at rD (http://localhost:3000/_next/static/chunks/373b78b3-1e34f33d0b525730.js:1:35061)
    at http://localhost:3000/_next/static/chunks/373b78b3-1e34f33d0b525730.js:1:119358
    at iS (http://localhost:3000/_next/static/chunks/373b78b3-1e34f33d0b525730.js:1:122662)
    at ib (http://localhost:3000/_next/static/chunks/373b78b3-1e34f33d0b525730.js:1:114450)
    at http://localhost:3000/_next/static/chunks/373b78b3-1e34f33d0b525730.js:1:110437
    at io (http://localhost:3000/_next/static/chunks/373b78b3-1e34f33d0b525730.js:1:110538)
    at iY (http://localhost:3000/_next/static/chunks/373b78b3-1e34f33d0b525730.js:1:132641)
    at MessagePort.w (http://localhost:3000/_next/static/chunks/3310-1cba20eb207c2f12.js:1:33692)
[  967102ms] [ERROR] Failed to load resource: the server responded with a status of 500 (Internal Server Error) @ http://localhost:3000/articles/-------1770693920092?_rsc=1u2ju:0
[  967109ms] [ERROR] Failed to load resource: the server responded with a status of 500 (Internal Server Error) @ http://localhost:3000/articles/------------1770693905079?_rsc=1u2ju:0
[  967118ms] [ERROR] Failed to load resource: the server responded with a status of 500 (Internal Server Error) @ http://localhost:3000/articles/-----------1770693888630?_rsc=1u2ju:0
[  967142ms] [ERROR] Failed to load resource: the server responded with a status of 500 (Internal Server Error) @ http://localhost:3000/articles/----------1770693871838?_rsc=1u2ju:0
[  967143ms] [ERROR] Failed to load resource: the server responded with a status of 500 (Internal Server Error) @ http://localhost:3000/articles/----------1770693855984?_rsc=1u2ju:0
[  986590ms] [ERROR] Failed to load resource: the server responded with a status of 500 (Internal Server Error) @ http://localhost:3000/articles/-------1770693920092:0
[  988035ms] [ERROR] Failed to load resource: the server responded with a status of 500 (Internal Server Error) @ http://localhost:3000/articles/-------1770693920092:0
[  988610ms] [ERROR] Failed to load resource: the server responded with a status of 500 (Internal Server Error) @ http://localhost:3000/articles/-------1770693920092:0
[  988779ms] [ERROR] Failed to load resource: the server responded with a status of 500 (Internal Server Error) @ http://localhost:3000/articles/-------1770693920092:0
[  989359ms] Error: Minified React error #418; visit https://react.dev/errors/418?args[]=text&args[]= for the full message or use the non-minified dev environment for full errors and additional helpful warnings.
    at rD (http://localhost:3000/_next/static/chunks/373b78b3-1e34f33d0b525730.js:1:35061)
    at http://localhost:3000/_next/static/chunks/373b78b3-1e34f33d0b525730.js:1:119358
    at iS (http://localhost:3000/_next/static/chunks/373b78b3-1e34f33d0b525730.js:1:122662)
    at ib (http://localhost:3000/_next/static/chunks/373b78b3-1e34f33d0b525730.js:1:114450)
    at http://localhost:3000/_next/static/chunks/373b78b3-1e34f33d0b525730.js:1:110437
    at io (http://localhost:3000/_next/static/chunks/373b78b3-1e34f33d0b525730.js:1:110538)
    at iY (http://localhost:3000/_next/static/chunks/373b78b3-1e34f33d0b525730.js:1:132641)
    at MessagePort.w (http://localhost:3000/_next/static/chunks/3310-1cba20eb207c2f12.js:1:33692)
[  989340ms] [ERROR] Failed to load resource: the server responded with a status of 500 (Internal Server Error) @ http://localhost:3000/articles/-------1770693920092?_rsc=1u2ju:0
[  989348ms] [ERROR] Failed to load resource: the server responded with a status of 500 (Internal Server Error) @ http://localhost:3000/articles/------------1770693905079?_rsc=1u2ju:0
[  989361ms] [ERROR] Failed to load resource: the server responded with a status of 500 (Internal Server Error) @ http://localhost:3000/articles/----------1770693871838?_rsc=1u2ju:0
[  989364ms] [ERROR] Failed to load resource: the server responded with a status of 500 (Internal Server Error) @ http://localhost:3000/articles/-----------1770693888630?_rsc=1u2ju:0
[  989380ms] [ERROR] Failed to load resource: the server responded with a status of 500 (Internal Server Error) @ http://localhost:3000/articles/----------1770693855984?_rsc=1u2ju:0
[ 1050103ms] [ERROR] Failed to load resource: the server responded with a status of 500 (Internal Server Error) @ http://localhost:3000/articles/----------1770693871838:0
[ 1070537ms] Error: Minified React error #418; visit https://react.dev/errors/418?args[]=text&args[]= for the full message or use the non-minified dev environment for full errors and additional helpful warnings.
    at rD (http://localhost:3000/_next/static/chunks/373b78b3-1e34f33d0b525730.js:1:35061)
    at http://localhost:3000/_next/static/chunks/373b78b3-1e34f33d0b525730.js:1:119358
    at iS (http://localhost:3000/_next/static/chunks/373b78b3-1e34f33d0b525730.js:1:122662)
    at ib (http://localhost:3000/_next/static/chunks/373b78b3-1e34f33d0b525730.js:1:114450)
    at http://localhost:3000/_next/static/chunks/373b78b3-1e34f33d0b525730.js:1:110437
    at io (http://localhost:3000/_next/static/chunks/373b78b3-1e34f33d0b525730.js:1:110538)
    at iY (http://localhost:3000/_next/static/chunks/373b78b3-1e34f33d0b525730.js:1:132641)
    at MessagePort.w (http://localhost:3000/_next/static/chunks/3310-1cba20eb207c2f12.js:1:33692)
[ 1070440ms] [ERROR] Failed to load resource: net::ERR_CONNECTION_REFUSED @ http://localhost:3000/api/users/me:0
[ 1070440ms] [WARNING] TypeError: Failed to fetch
    at http://localhost:3000/_next/static/chunks/5017-0d050b99a31c9453.js:1:5052
    at http://localhost:3000/_next/static/chunks/5017-0d050b99a31c9453.js:1:5230
    at o0 (http://localhost:3000/_next/static/chunks/373b78b3-1e34f33d0b525730.js:1:88667)
    at ux (http://localhost:3000/_next/static/chunks/373b78b3-1e34f33d0b525730.js:1:104556)
    at uS (http://localhost:3000/_next/static/chunks/373b78b3-1e34f33d0b525730.js:1:104440)
    at ux (http://localhost:3000/_next/static/chunks/373b78b3-1e34f33d0b525730.js:1:104601)
    at uS (http://localhost:3000/_next/static/chunks/373b78b3-1e34f33d0b525730.js:1:104440)
    at ux (http://localhost:3000/_next/static/chunks/373b78b3-1e34f33d0b525730.js:1:104601)
    at uS (http://localhost:3000/_next/static/chunks/373b78b3-1e34f33d0b525730.js:1:104440)
    at ux (http://localhost:3000/_next/static/chunks/373b78b3-1e34f33d0b525730.js:1:104536) @ http://localhost:3000/_next/static/chunks/5017-0d050b99a31c9453.js:0
[ 1070456ms] [ERROR] Failed to load resource: net::ERR_CONNECTION_REFUSED @ http://localhost:3000/favicon.svg:0
[ 1070456ms] [ERROR] Failed to load resource: net::ERR_CONNECTION_REFUSED @ http://localhost:3000/articles?_rsc=1u2ju:0
[ 1070456ms] [ERROR] Failed to fetch RSC payload for http://localhost:3000/articles. Falling back to browser navigation. TypeError: Failed to fetch
    at y (http://localhost:3000/_next/static/chunks/3310-1cba20eb207c2f12.js:1:79990)
    at _ (http://localhost:3000/_next/static/chunks/3310-1cba20eb207c2f12.js:1:78901)
    at http://localhost:3000/_next/static/chunks/3310-1cba20eb207c2f12.js:1:93180
    at Object.l [as task] (http://localhost:3000/_next/static/chunks/3310-1cba20eb207c2f12.js:1:118296)
    at c.s (http://localhost:3000/_next/static/chunks/3310-1cba20eb207c2f12.js:1:119001)
    at c.enqueue (http://localhost:3000/_next/static/chunks/3310-1cba20eb207c2f12.js:1:118426)
    at s (http://localhost:3000/_next/static/chunks/3310-1cba20eb207c2f12.js:1:93143)
    at i (http://localhost:3000/_next/static/chunks/3310-1cba20eb207c2f12.js:1:92659)
    at o (http://localhost:3000/_next/static/chunks/3310-1cba20eb207c2f12.js:1:11657)
    at Object.prefetch (http://localhost:3000/_next/static/chunks/3310-1cba20eb207c2f12.js:1:53692) @ http://localhost:3000/_next/static/chunks/3310-1cba20eb207c2f12.js:0
[ 1070457ms] [ERROR] Failed to load resource: net::ERR_CONNECTION_REFUSED @ http://localhost:3000/search?_rsc=1u2ju:0
[ 1070457ms] [ERROR] Failed to fetch RSC payload for http://localhost:3000/search. Falling back to browser navigation. TypeError: Failed to fetch
    at y (http://localhost:3000/_next/static/chunks/3310-1cba20eb207c2f12.js:1:79990)
    at _ (http://localhost:3000/_next/static/chunks/3310-1cba20eb207c2f12.js:1:78901)
    at http://localhost:3000/_next/static/chunks/3310-1cba20eb207c2f12.js:1:93180
    at Object.l [as task] (http://localhost:3000/_next/static/chunks/3310-1cba20eb207c2f12.js:1:118296)
    at c.s (http://localhost:3000/_next/static/chunks/3310-1cba20eb207c2f12.js:1:119001)
    at c.enqueue (http://localhost:3000/_next/static/chunks/3310-1cba20eb207c2f12.js:1:118426)
    at s (http://localhost:3000/_next/static/chunks/3310-1cba20eb207c2f12.js:1:93143)
    at i (http://localhost:3000/_next/static/chunks/3310-1cba20eb207c2f12.js:1:92659)
    at o (http://localhost:3000/_next/static/chunks/3310-1cba20eb207c2f12.js:1:11657)
    at Object.prefetch (http://localhost:3000/_next/static/chunks/3310-1cba20eb207c2f12.js:1:53692) @ http://localhost:3000/_next/static/chunks/3310-1cba20eb207c2f12.js:0
[ 1070458ms] [ERROR] Failed to load resource: net::ERR_CONNECTION_REFUSED @ http://localhost:3000/articles/-------1770693920092?_rsc=1u2ju:0
[ 1070458ms] [ERROR] Failed to fetch RSC payload for http://localhost:3000/articles/-------1770693920092. Falling back to browser navigation. TypeError: Failed to fetch
    at y (http://localhost:3000/_next/static/chunks/3310-1cba20eb207c2f12.js:1:79990)
    at _ (http://localhost:3000/_next/static/chunks/3310-1cba20eb207c2f12.js:1:78901)
    at http://localhost:3000/_next/static/chunks/3310-1cba20eb207c2f12.js:1:93180
    at Object.l [as task] (http://localhost:3000/_next/static/chunks/3310-1cba20eb207c2f12.js:1:118296)
    at c.s (http://localhost:3000/_next/static/chunks/3310-1cba20eb207c2f12.js:1:119001)
    at c.enqueue (http://localhost:3000/_next/static/chunks/3310-1cba20eb207c2f12.js:1:118426)
    at s (http://localhost:3000/_next/static/chunks/3310-1cba20eb207c2f12.js:1:93143)
    at i (http://localhost:3000/_next/static/chunks/3310-1cba20eb207c2f12.js:1:92659)
    at o (http://localhost:3000/_next/static/chunks/3310-1cba20eb207c2f12.js:1:11657)
    at Object.prefetch (http://localhost:3000/_next/static/chunks/3310-1cba20eb207c2f12.js:1:53692) @ http://localhost:3000/_next/static/chunks/3310-1cba20eb207c2f12.js:0
[ 1070460ms] [ERROR] Failed to load resource: net::ERR_CONNECTION_REFUSED @ http://localhost:3000/articles/------------1770693905079?_rsc=1u2ju:0
[ 1070460ms] [ERROR] Failed to fetch RSC payload for http://localhost:3000/articles/------------1770693905079. Falling back to browser navigation. TypeError: Failed to fetch
    at y (http://localhost:3000/_next/static/chunks/3310-1cba20eb207c2f12.js:1:79990)
    at _ (http://localhost:3000/_next/static/chunks/3310-1cba20eb207c2f12.js:1:78901)
    at http://localhost:3000/_next/static/chunks/3310-1cba20eb207c2f12.js:1:93180
    at Object.l [as task] (http://localhost:3000/_next/static/chunks/3310-1cba20eb207c2f12.js:1:118296)
    at c.s (http://localhost:3000/_next/static/chunks/3310-1cba20eb207c2f12.js:1:119001)
    at c.enqueue (http://localhost:3000/_next/static/chunks/3310-1cba20eb207c2f12.js:1:118426)
    at s (http://localhost:3000/_next/static/chunks/3310-1cba20eb207c2f12.js:1:93143)
    at i (http://localhost:3000/_next/static/chunks/3310-1cba20eb207c2f12.js:1:92659)
    at o (http://localhost:3000/_next/static/chunks/3310-1cba20eb207c2f12.js:1:11657)
    at Object.prefetch (http://localhost:3000/_next/static/chunks/3310-1cba20eb207c2f12.js:1:53692) @ http://localhost:3000/_next/static/chunks/3310-1cba20eb207c2f12.js:0
[ 1070461ms] [ERROR] Failed to load resource: net::ERR_CONNECTION_REFUSED @ http://localhost:3000/articles/-----------1770693888630?_rsc=1u2ju:0
[ 1070461ms] [ERROR] Failed to fetch RSC payload for http://localhost:3000/articles/-----------1770693888630. Falling back to browser navigation. TypeError: Failed to fetch
    at y (http://localhost:3000/_next/static/chunks/3310-1cba20eb207c2f12.js:1:79990)
    at _ (http://localhost:3000/_next/static/chunks/3310-1cba20eb207c2f12.js:1:78901)
    at http://localhost:3000/_next/static/chunks/3310-1cba20eb207c2f12.js:1:93180
    at Object.l [as task] (http://localhost:3000/_next/static/chunks/3310-1cba20eb207c2f12.js:1:118296)
    at c.s (http://localhost:3000/_next/static/chunks/3310-1cba20eb207c2f12.js:1:119001)
    at c.enqueue (http://localhost:3000/_next/static/chunks/3310-1cba20eb207c2f12.js:1:118426)
    at s (http://localhost:3000/_next/static/chunks/3310-1cba20eb207c2f12.js:1:93143)
    at i (http://localhost:3000/_next/static/chunks/3310-1cba20eb207c2f12.js:1:92659)
    at o (http://localhost:3000/_next/static/chunks/3310-1cba20eb207c2f12.js:1:11657)
    at Object.prefetch (http://localhost:3000/_next/static/chunks/3310-1cba20eb207c2f12.js:1:53692) @ http://localhost:3000/_next/static/chunks/3310-1cba20eb207c2f12.js:0
[ 1070461ms] [ERROR] Failed to load resource: net::ERR_CONNECTION_REFUSED @ http://localhost:3000/articles/----------1770693871838?_rsc=1u2ju:0
[ 1070462ms] [ERROR] Failed to fetch RSC payload for http://localhost:3000/articles/----------1770693871838. Falling back to browser navigation. TypeError: Failed to fetch
    at y (http://localhost:3000/_next/static/chunks/3310-1cba20eb207c2f12.js:1:79990)
    at _ (http://localhost:3000/_next/static/chunks/3310-1cba20eb207c2f12.js:1:78901)
    at http://localhost:3000/_next/static/chunks/3310-1cba20eb207c2f12.js:1:93180
    at Object.l [as task] (http://localhost:3000/_next/static/chunks/3310-1cba20eb207c2f12.js:1:118296)
    at c.s (http://localhost:3000/_next/static/chunks/3310-1cba20eb207c2f12.js:1:119001)
    at Object.l [as task] (http://localhost:3000/_next/static/chunks/3310-1cba20eb207c2f12.js:1:118358) @ http://localhost:3000/_next/static/chunks/3310-1cba20eb207c2f12.js:0
[ 1070462ms] [ERROR] Failed to load resource: net::ERR_CONNECTION_REFUSED @ http://localhost:3000/articles/----------1770693855984?_rsc=1u2ju:0
[ 1070462ms] [ERROR] Failed to fetch RSC payload for http://localhost:3000/articles/----------1770693855984. Falling back to browser navigation. TypeError: Failed to fetch
    at y (http://localhost:3000/_next/static/chunks/3310-1cba20eb207c2f12.js:1:79990)
    at _ (http://localhost:3000/_next/static/chunks/3310-1cba20eb207c2f12.js:1:78901)
    at http://localhost:3000/_next/static/chunks/3310-1cba20eb207c2f12.js:1:93180
    at Object.l [as task] (http://localhost:3000/_next/static/chunks/3310-1cba20eb207c2f12.js:1:118296)
    at c.s (http://localhost:3000/_next/static/chunks/3310-1cba20eb207c2f12.js:1:119001)
    at Object.l [as task] (http://localhost:3000/_next/static/chunks/3310-1cba20eb207c2f12.js:1:118358) @ http://localhost:3000/_next/static/chunks/3310-1cba20eb207c2f12.js:0
[ 1070540ms] [ERROR] Failed to load resource: net::ERR_CONNECTION_REFUSED @ http://localhost:3000/favicon.svg:0
[ 1122694ms] Error: Minified React error #418; visit https://react.dev/errors/418?args[]=text&args[]= for the full message or use the non-minified dev environment for full errors and additional helpful warnings.
    at rD (http://localhost:3000/_next/static/chunks/373b78b3-1e34f33d0b525730.js:1:35061)
    at http://localhost:3000/_next/static/chunks/373b78b3-1e34f33d0b525730.js:1:119358
    at iS (http://localhost:3000/_next/static/chunks/373b78b3-1e34f33d0b525730.js:1:122662)
    at ib (http://localhost:3000/_next/static/chunks/373b78b3-1e34f33d0b525730.js:1:114450)
    at http://localhost:3000/_next/static/chunks/373b78b3-1e34f33d0b525730.js:1:110437
    at io (http://localhost:3000/_next/static/chunks/373b78b3-1e34f33d0b525730.js:1:110538)
    at iY (http://localhost:3000/_next/static/chunks/373b78b3-1e34f33d0b525730.js:1:132641)
    at MessagePort.w (http://localhost:3000/_next/static/chunks/3310-1cba20eb207c2f12.js:1:33692)
[ 1565129ms] Error: Minified React error #418; visit https://react.dev/errors/418?args[]=text&args[]= for the full message or use the non-minified dev environment for full errors and additional helpful warnings.
    at rD (http://localhost:3000/_next/static/chunks/373b78b3-1e34f33d0b525730.js:1:35061)
    at http://localhost:3000/_next/static/chunks/373b78b3-1e34f33d0b525730.js:1:119358
    at iS (http://localhost:3000/_next/static/chunks/373b78b3-1e34f33d0b525730.js:1:122662)
    at ib (http://localhost:3000/_next/static/chunks/373b78b3-1e34f33d0b525730.js:1:114450)
    at http://localhost:3000/_next/static/chunks/373b78b3-1e34f33d0b525730.js:1:110437
    at io (http://localhost:3000/_next/static/chunks/373b78b3-1e34f33d0b525730.js:1:110538)
    at iY (http://localhost:3000/_next/static/chunks/373b78b3-1e34f33d0b525730.js:1:132641)
    at MessagePort.w (http://localhost:3000/_next/static/chunks/3310-1cba20eb207c2f12.js:1:33692)
[ 1903997ms] [ERROR] Failed to load resource: the server responded with a status of 500 (Internal Server Error) @ http://localhost:3000/posts/%D8%AA%D8%B3%D8%B1%D9%8A%D8%A8%D8%A7%D8%AA-%D9%88%D8%AB%D8%A7%D8%A6%D9%82-%D9%85%D8%B5%D8%B1%D9%8A%D8%A9-%D8%AA%D9%83%D8%B4%D9%81-%D8%AA%D8%AD%D8%A7%D9%84%D9%81%D8%A7%D8%AA-%D8%A7%D9%84%D8%B3%D9%8A%D8%B3%D9%8A-%D9%88%D8%A3%D8%B3%D8%B1%D8%A7%D8%B1-%D8%A7%D9%84%D8%B3%D9%8A%D8%A7%D8%B3%D8%A9-%D8%A7%D9%84%D8%AE%D8%A7%D8%B1%D8%AC%D9%8A%D8%A9?_rsc=1bnrj:0
[ 1904017ms] [ERROR] Failed to load resource: the server responded with a status of 500 (Internal Server Error) @ http://localhost:3000/posts/%D8%B2%D9%8A%D8%A7%D8%B1%D8%A9-%D8%A3%D8%B1%D8%AF%D9%88%D8%BA%D8%A7%D9%86-%D8%A5%D9%84%D9%89-%D9%85%D8%B5%D8%B1-%D8%AA%D8%AD%D8%A7%D9%84%D9%81%D8%A7%D8%AA-%D8%B9%D8%B3%D9%83%D8%B1%D9%8A%D8%A9-%D9%88%D8%A7%D9%82%D8%AA%D8%B5%D8%A7%D8%AF%D9%8A%D8%A9-%D8%AC%D8%AF%D9%8A%D8%AF%D8%A9?_rsc=1bnrj:0
[ 1904018ms] [ERROR] Failed to load resource: the server responded with a status of 500 (Internal Server Error) @ http://localhost:3000/posts/%D9%85%D8%B5%D8%B1-%D9%88%D8%A7%D9%84%D8%A3%D8%B1%D8%AF%D9%86-%D8%AA%D8%AD%D8%A7%D9%84%D9%81-%D8%B9%D8%B3%D9%83%D8%B1%D9%8A-%D8%AC%D8%AF%D9%8A%D8%AF-%D9%81%D9%8A-%D8%B8%D9%84-%D8%A7%D9%84%D8%AA%D9%88%D8%AA%D8%B1%D8%A7%D8%AA-%D8%A7%D9%84%D8%A5%D9%82%D9%84%D9%8A%D9%85%D9%8A%D8%A9?_rsc=1bnrj:0
[ 1904018ms] [ERROR] Failed to load resource: the server responded with a status of 500 (Internal Server Error) @ http://localhost:3000/posts/%D8%AA%D8%AD%D8%B1%D9%83%D8%A7%D8%AA-%D9%85%D8%B5%D8%B1%D9%8A%D8%A9-%D8%BA%D8%A7%D9%85%D8%B6%D8%A9-%D9%82%D8%A8%D9%84-%D8%A7%D8%BA%D8%AA%D9%8A%D8%A7%D9%84-%D8%B3%D9%8A%D9%81-%D8%A7%D9%84%D9%82%D8%B0%D8%A7%D9%81%D9%8A?_rsc=1bnrj:0
[ 1904018ms] [ERROR] Failed to load resource: the server responded with a status of 500 (Internal Server Error) @ http://localhost:3000/posts/%D9%85%D8%B5%D8%B1-%D9%88%D8%A7%D9%84%D8%B3%D9%88%D8%AF%D8%A7%D9%86-%D8%AA%D8%AD%D8%B1%D9%83%D8%A7%D8%AA-%D8%AF%D8%A8%D9%84%D9%88%D9%85%D8%A7%D8%B3%D9%8A%D8%A9-%D9%88%D8%B9%D8%B3%D9%83%D8%B1%D9%8A%D8%A9-%D9%81%D9%8A-%D8%B8%D9%84-%D8%A7%D9%84%D8%B5%D8%B1%D8%A7%D8%B9-%D8%A7%D9%84%D9%85%D8%B3%D8%AA%D9%85%D8%B1?_rsc=1bnrj:0
[ 1904298ms] [ERROR] Failed to load resource: the server responded with a status of 500 (Internal Server Error) @ http://localhost:3000/posts/----------1770693855984?_rsc=1bnrj:0
[ 1904299ms] [ERROR] Failed to load resource: the server responded with a status of 500 (Internal Server Error) @ http://localhost:3000/posts/----------1770693871838?_rsc=1bnrj:0
[ 1904299ms] [ERROR] Failed to load resource: the server responded with a status of 500 (Internal Server Error) @ http://localhost:3000/posts/------------1770693905079?_rsc=1bnrj:0
[ 1904299ms] [ERROR] Failed to load resource: the server responded with a status of 500 (Internal Server Error) @ http://localhost:3000/posts/-------1770693920092?_rsc=1bnrj:0
[ 1904300ms] [ERROR] Failed to load resource: the server responded with a status of 500 (Internal Server Error) @ http://localhost:3000/posts/-----------1770693888630?_rsc=1bnrj:0
[ 2003189ms] Error: Minified React error #418; visit https://react.dev/errors/418?args[]=text&args[]= for the full message or use the non-minified dev environment for full errors and additional helpful warnings.
    at rD (http://localhost:3000/_next/static/chunks/373b78b3-1e34f33d0b525730.js:1:35061)
    at http://localhost:3000/_next/static/chunks/373b78b3-1e34f33d0b525730.js:1:119358
    at iS (http://localhost:3000/_next/static/chunks/373b78b3-1e34f33d0b525730.js:1:122662)
    at ib (http://localhost:3000/_next/static/chunks/373b78b3-1e34f33d0b525730.js:1:114450)
    at http://localhost:3000/_next/static/chunks/373b78b3-1e34f33d0b525730.js:1:110437
    at io (http://localhost:3000/_next/static/chunks/373b78b3-1e34f33d0b525730.js:1:110538)
    at iY (http://localhost:3000/_next/static/chunks/373b78b3-1e34f33d0b525730.js:1:132641)
    at MessagePort.w (http://localhost:3000/_next/static/chunks/3310-1cba20eb207c2f12.js:1:33692)
[ 2003299ms] [WARNING] TypeError: Failed to fetch
    at http://localhost:3000/_next/static/chunks/5017-0d050b99a31c9453.js:1:5052
    at http://localhost:3000/_next/static/chunks/5017-0d050b99a31c9453.js:1:5230
    at o0 (http://localhost:3000/_next/static/chunks/373b78b3-1e34f33d0b525730.js:1:88667)
    at ux (http://localhost:3000/_next/static/chunks/373b78b3-1e34f33d0b525730.js:1:104556)
    at uS (http://localhost:3000/_next/static/chunks/373b78b3-1e34f33d0b525730.js:1:104440)
    at ux (http://localhost:3000/_next/static/chunks/373b78b3-1e34f33d0b525730.js:1:104601)
    at uS (http://localhost:3000/_next/static/chunks/373b78b3-1e34f33d0b525730.js:1:104440)
    at ux (http://localhost:3000/_next/static/chunks/373b78b3-1e34f33d0b525730.js:1:104601)
    at uS (http://localhost:3000/_next/static/chunks/373b78b3-1e34f33d0b525730.js:1:104440)
    at ux (http://localhost:3000/_next/static/chunks/373b78b3-1e34f33d0b525730.js:1:104536) @ http://localhost:3000/_next/static/chunks/5017-0d050b99a31c9453.js:0
[ 2003417ms] Error: Minified React error #418; visit https://react.dev/errors/418?args[]=text&args[]= for the full message or use the non-minified dev environment for full errors and additional helpful warnings.
    at rD (http://localhost:3000/_next/static/chunks/373b78b3-1e34f33d0b525730.js:1:35061)
    at http://localhost:3000/_next/static/chunks/373b78b3-1e34f33d0b525730.js:1:119358
    at iS (http://localhost:3000/_next/static/chunks/373b78b3-1e34f33d0b525730.js:1:122662)
    at ib (http://localhost:3000/_next/static/chunks/373b78b3-1e34f33d0b525730.js:1:114450)
    at http://localhost:3000/_next/static/chunks/373b78b3-1e34f33d0b525730.js:1:110437
    at io (http://localhost:3000/_next/static/chunks/373b78b3-1e34f33d0b525730.js:1:110538)
    at iY (http://localhost:3000/_next/static/chunks/373b78b3-1e34f33d0b525730.js:1:132641)
    at MessagePort.w (http://localhost:3000/_next/static/chunks/3310-1cba20eb207c2f12.js:1:33692)
[ 2138500ms] [ERROR] Failed to load resource: net::ERR_CONNECTION_REFUSED @ http://localhost:3000/_next/image?url=http%3A%2F%2Flocalhost%3A3000%2Fapi%2Fmedia%2Ffile%2Fyt-%25D8%25A7%25D9%258A%25D8%25B1%25D8%25A7%25D9%2586-%25D8%25AA%25D9%2586%25D8%25B4%25D8%25B1-%25D8%25B5%25D8%25A7%25D8%25B1%25D9%2588%25D8%25AE-%25D8%25AC%25D8%25AF%25D9%258A%25D8%25AF-%25D9%2588-%25D8%25A7%25D8%25B3%25D8%25B1%25D8%25A7%25D8%25A6%25D9%258A%25D9%2584-%25D8%25AA%25D8%25B5%25D8%25B1%25D8%25AE-%25D9%2581%25D9%258A-%25D9%2588%25D8%25AC%25D9%2587-%25D8%25AA%25D8%25B1%25D8%25A7%25D9%2585%25D8%25A8--1770693919759.webp%3F2026-02-10T03%253A25%253A19.874Z&w=3840&q=100:0
[ 2138500ms] [ERROR] Failed to load resource: net::ERR_CONNECTION_REFUSED @ http://localhost:3000/_next/image?url=http%3A%2F%2Flocalhost%3A3000%2Fapi%2Fmedia%2Ffile%2Fyt-%25D8%25A7%25D9%2584%25D9%2585%25D8%25B3%25D9%2583%25D9%2588%25D8%25AA-%25D8%25B9%25D9%2586%25D9%2587%25D9%2585%25D8%25A7%25D8%25B0%25D8%25A7-%25D9%2581%25D8%25B9%25D9%2584%25D8%25AA-%25D9%2585%25D8%25B5%25D8%25B1-%25D9%2581%25D9%258A-%25D8%25A7%25D9%2584%25D8%25B3%25D9%2588%25D8%25AF%25D8%25A7%25D9%2586%25D8%25A7%25D9%2584%25D8%25B3%25D9%258A%25D8%25B3%25D9%258A-%25D9%258A%25D8%25B1%25D8%25AF-%25D8%25B9%25D9%2584%25D9%2589--1770694809207.jpg%3F2026-02-10T03%253A40%253A09.333Z&w=3840&q=100:0
[ 2138501ms] [ERROR] Failed to load resource: net::ERR_CONNECTION_REFUSED @ http://localhost:3000/_next/image?url=http%3A%2F%2Flocalhost%3A3000%2Fapi%2Fmedia%2Ffile%2Fyt-%25D8%25A7%25D9%258A%25D8%25B1%25D8%25A7%25D9%2586-%25D8%25AA%25D9%2586%25D8%25B4%25D8%25B1-%25D8%25B2%25D9%2588%25D8%25A7%25D8%25B1%25D9%2582-%25D8%25BA%25D9%2584%25D9%2582-%25D9%2585%25D8%25B6%25D9%258A%25D9%2582-%25D9%2587%25D8%25B1%25D9%2585%25D8%25B2-%25D8%25A8%25D8%25B9%25D8%25AF-%25D9%2581%25D8%25B4%25D9%2584-%25D8%25A7%25D9%2584%25D9%2585%25D9%2581%25D8%25A7%25D9%2588%25D8%25B6%25D8%25A7%25D8%25AA-%25D9%2585-1770693904778.webp%3F2026-02-10T03%253A25%253A04.902Z&w=3840&q=100:0
[ 2138501ms] [ERROR] Failed to load resource: net::ERR_CONNECTION_REFUSED @ http://localhost:3000/_next/image?url=http%3A%2F%2Flocalhost%3A3000%2Fapi%2Fmedia%2Ffile%2Fyt-%25D8%25A7%25D9%258A%25D8%25B1%25D8%25A7%25D9%2586-%25D8%25AA%25D9%2588%25D8%25AC%25D9%2587-%25D8%25A7%25D9%2586%25D8%25B0%25D8%25A7%25D8%25B1-%25D9%2584%25D9%2584%25D8%25AE%25D9%2584%25D9%258A%25D8%25AC-%25D8%25B3%25D9%2586%25D8%25B3%25D8%25AA%25D9%2587%25D8%25AF%25D9%2581-%25D8%25AC%25D9%2585%25D8%25B9-%25D8%25A7%25D9%2584%25D9%2582%25D9%2588%25D8%25A7%25D8%25B9%25D8%25AF-%25D8%25A7%25D9%2584%25D8%25A7%25D9%2585%25D8%25B1%25D9%258A-1770693888296.webp%3F2026-02-10T03%253A24%253A48.435Z&w=3840&q=100:0
[ 2138501ms] [ERROR] Failed to load resource: net::ERR_CONNECTION_REFUSED @ http://localhost:3000/_next/image?url=http%3A%2F%2Flocalhost%3A3000%2Fapi%2Fmedia%2Ffile%2Fyt-%25D9%2582%25D8%25A8%25D9%2584-%25D8%25B6%25D8%25B1%25D8%25A8-%25D8%25A7%25D9%258A%25D8%25B1%25D8%25A7%25D9%2586-%25D8%25A7%25D8%25AB%25D9%258A%25D9%2588%25D8%25A8%25D9%258A%25D8%25A7-%25D8%25AA%25D8%25AA%25D8%25AD%25D8%25B1%25D9%2583-%25D9%2584%25D9%2584%25D8%25AD%25D8%25B1%25D8%25A8-%25D8%25B9%25D9%2584%25D9%2589-%25D8%25A7%25D8%25B1%25D9%258A%25D8%25AA%25D8%25B1%25D9%258A%25D8%25A7-%25D9%2588%25D8%25A7%25D9%2584%25D8%25A7-1770693871542.webp%3F2026-02-10T03%253A24%253A31.660Z&w=3840&q=100:0
[ 2157118ms] [WARNING] TypeError: Failed to fetch
    at http://localhost:3000/_next/static/chunks/5017-0d050b99a31c9453.js:1:5052
    at http://localhost:3000/_next/static/chunks/5017-0d050b99a31c9453.js:1:5230
    at o0 (http://localhost:3000/_next/static/chunks/373b78b3-1e34f33d0b525730.js:1:88667)
    at ux (http://localhost:3000/_next/static/chunks/373b78b3-1e34f33d0b525730.js:1:104556)
    at uS (http://localhost:3000/_next/static/chunks/373b78b3-1e34f33d0b525730.js:1:104440)
    at ux (http://localhost:3000/_next/static/chunks/373b78b3-1e34f33d0b525730.js:1:104601)
    at uS (http://localhost:3000/_next/static/chunks/373b78b3-1e34f33d0b525730.js:1:104440)
    at ux (http://localhost:3000/_next/static/chunks/373b78b3-1e34f33d0b525730.js:1:104601)
    at uS (http://localhost:3000/_next/static/chunks/373b78b3-1e34f33d0b525730.js:1:104440)
    at ux (http://localhost:3000/_next/static/chunks/373b78b3-1e34f33d0b525730.js:1:104536) @ http://localhost:3000/_next/static/chunks/5017-0d050b99a31c9453.js:0
[ 2324945ms] [ERROR] Failed to load resource: the server responded with a status of 500 (Internal Server Error) @ http://localhost:3000/articles/%D8%AA%D8%AD%D9%84%D9%8A%D9%84-%D8%A5%D8%B3%D8%B1%D8%A7%D8%A6%D9%8A%D9%84%D9%8A-%D9%82%D8%AF%D8%B1%D8%A7%D8%AA-%D8%A5%D9%8A%D8%B1%D8%A7%D9%86-%D8%B9%D9%84%D9%89-%D8%A7%D8%B3%D8%AA%D9%87%D8%AF%D8%A7%D9%81-%D8%AD%D8%A7%D9%85%D9%84%D8%A9-%D8%A7%D9%84%D8%B7%D8%A7%D8%A6%D8%B1%D8%A7%D8%AA-%D8%A7%D9%84%D8%A3%D9%85%D8%B1%D9%8A%D9%83%D9%8A%D8%A9?_rsc=1olwi:0
[ 2325686ms] [ERROR] Failed to load resource: the server responded with a status of 500 (Internal Server Error) @ http://localhost:3000/articles/%D8%AA%D8%AD%D9%84%D9%8A%D9%84-%D8%A5%D8%B3%D8%B1%D8%A7%D8%A6%D9%8A%D9%84%D9%8A-%D9%82%D8%AF%D8%B1%D8%A7%D8%AA-%D8%A5%D9%8A%D8%B1%D8%A7%D9%86-%D8%B9%D9%84%D9%89-%D8%A7%D8%B3%D8%AA%D9%87%D8%AF%D8%A7%D9%81-%D8%AD%D8%A7%D9%85%D9%84%D8%A9-%D8%A7%D9%84%D8%B7%D8%A7%D8%A6%D8%B1%D8%A7%D8%AA-%D8%A7%D9%84%D8%A3%D9%85%D8%B1%D9%8A%D9%83%D9%8A%D8%A9?_rsc=cpp2f:0
[ 2326355ms] [ERROR] Failed to load resource: the server responded with a status of 500 (Internal Server Error) @ http://localhost:3000/articles/%D8%AA%D8%AD%D9%84%D9%8A%D9%84-%D8%A5%D8%B3%D8%B1%D8%A7%D8%A6%D9%8A%D9%84%D9%8A-%D9%82%D8%AF%D8%B1%D8%A7%D8%AA-%D8%A5%D9%8A%D8%B1%D8%A7%D9%86-%D8%B9%D9%84%D9%89-%D8%A7%D8%B3%D8%AA%D9%87%D8%AF%D8%A7%D9%81-%D8%AD%D8%A7%D9%85%D9%84%D8%A9-%D8%A7%D9%84%D8%B7%D8%A7%D8%A6%D8%B1%D8%A7%D8%AA-%D8%A7%D9%84%D8%A3%D9%85%D8%B1%D9%8A%D9%83%D9%8A%D8%A9?_rsc=cpp2f:0
[ 2326966ms] [ERROR] Failed to load resource: the server responded with a status of 500 (Internal Server Error) @ http://localhost:3000/articles/%D8%AA%D8%AD%D9%84%D9%8A%D9%84-%D8%A5%D8%B3%D8%B1%D8%A7%D8%A6%D9%8A%D9%84%D9%8A-%D9%82%D8%AF%D8%B1%D8%A7%D8%AA-%D8%A5%D9%8A%D8%B1%D8%A7%D9%86-%D8%B9%D9%84%D9%89-%D8%A7%D8%B3%D8%AA%D9%87%D8%AF%D8%A7%D9%81-%D8%AD%D8%A7%D9%85%D9%84%D8%A9-%D8%A7%D9%84%D8%B7%D8%A7%D8%A6%D8%B1%D8%A7%D8%AA-%D8%A7%D9%84%D8%A3%D9%85%D8%B1%D9%8A%D9%83%D9%8A%D8%A9?_rsc=cpp2f:0
[ 2327591ms] [ERROR] Failed to load resource: the server responded with a status of 500 (Internal Server Error) @ http://localhost:3000/articles/%D8%AA%D8%AD%D9%84%D9%8A%D9%84-%D8%A5%D8%B3%D8%B1%D8%A7%D8%A6%D9%8A%D9%84%D9%8A-%D9%82%D8%AF%D8%B1%D8%A7%D8%AA-%D8%A5%D9%8A%D8%B1%D8%A7%D9%86-%D8%B9%D9%84%D9%89-%D8%A7%D8%B3%D8%AA%D9%87%D8%AF%D8%A7%D9%81-%D8%AD%D8%A7%D9%85%D9%84%D8%A9-%D8%A7%D9%84%D8%B7%D8%A7%D8%A6%D8%B1%D8%A7%D8%AA-%D8%A7%D9%84%D8%A3%D9%85%D8%B1%D9%8A%D9%83%D9%8A%D8%A9?_rsc=cpp2f:0
[ 2328300ms] [ERROR] Failed to load resource: the server responded with a status of 500 (Internal Server Error) @ http://localhost:3000/articles/%D8%AA%D8%AD%D9%84%D9%8A%D9%84-%D8%A5%D8%B3%D8%B1%D8%A7%D8%A6%D9%8A%D9%84%D9%8A-%D9%82%D8%AF%D8%B1%D8%A7%D8%AA-%D8%A5%D9%8A%D8%B1%D8%A7%D9%86-%D8%B9%D9%84%D9%89-%D8%A7%D8%B3%D8%AA%D9%87%D8%AF%D8%A7%D9%81-%D8%AD%D8%A7%D9%85%D9%84%D8%A9-%D8%A7%D9%84%D8%B7%D8%A7%D8%A6%D8%B1%D8%A7%D8%AA-%D8%A7%D9%84%D8%A3%D9%85%D8%B1%D9%8A%D9%83%D9%8A%D8%A9?_rsc=cpp2f:0
[ 2328878ms] [ERROR] Failed to load resource: the server responded with a status of 500 (Internal Server Error) @ http://localhost:3000/articles/%D8%AA%D8%AD%D9%84%D9%8A%D9%84-%D8%A5%D8%B3%D8%B1%D8%A7%D8%A6%D9%8A%D9%84%D9%8A-%D9%82%D8%AF%D8%B1%D8%A7%D8%AA-%D8%A5%D9%8A%D8%B1%D8%A7%D9%86-%D8%B9%D9%84%D9%89-%D8%A7%D8%B3%D8%AA%D9%87%D8%AF%D8%A7%D9%81-%D8%AD%D8%A7%D9%85%D9%84%D8%A9-%D8%A7%D9%84%D8%B7%D8%A7%D8%A6%D8%B1%D8%A7%D8%AA-%D8%A7%D9%84%D8%A3%D9%85%D8%B1%D9%8A%D9%83%D9%8A%D8%A9?_rsc=cpp2f:0
[ 2329429ms] [ERROR] Failed to load resource: the server responded with a status of 500 (Internal Server Error) @ http://localhost:3000/articles/%D8%AA%D8%AD%D9%84%D9%8A%D9%84-%D8%A5%D8%B3%D8%B1%D8%A7%D8%A6%D9%8A%D9%84%D9%8A-%D9%82%D8%AF%D8%B1%D8%A7%D8%AA-%D8%A5%D9%8A%D8%B1%D8%A7%D9%86-%D8%B9%D9%84%D9%89-%D8%A7%D8%B3%D8%AA%D9%87%D8%AF%D8%A7%D9%81-%D8%AD%D8%A7%D9%85%D9%84%D8%A9-%D8%A7%D9%84%D8%B7%D8%A7%D8%A6%D8%B1%D8%A7%D8%AA-%D8%A7%D9%84%D8%A3%D9%85%D8%B1%D9%8A%D9%83%D9%8A%D8%A9?_rsc=cpp2f:0
[ 2330058ms] [ERROR] Failed to load resource: the server responded with a status of 500 (Internal Server Error) @ http://localhost:3000/articles/%D8%AA%D8%AD%D9%84%D9%8A%D9%84-%D8%A5%D8%B3%D8%B1%D8%A7%D8%A6%D9%8A%D9%84%D9%8A-%D9%82%D8%AF%D8%B1%D8%A7%D8%AA-%D8%A5%D9%8A%D8%B1%D8%A7%D9%86-%D8%B9%D9%84%D9%89-%D8%A7%D8%B3%D8%AA%D9%87%D8%AF%D8%A7%D9%81-%D8%AD%D8%A7%D9%85%D9%84%D8%A9-%D8%A7%D9%84%D8%B7%D8%A7%D8%A6%D8%B1%D8%A7%D8%AA-%D8%A7%D9%84%D8%A3%D9%85%D8%B1%D9%8A%D9%83%D9%8A%D8%A9?_rsc=cpp2f:0
[ 2330621ms] [ERROR] Failed to load resource: the server responded with a status of 500 (Internal Server Error) @ http://localhost:3000/articles/%D8%AA%D8%AD%D9%84%D9%8A%D9%84-%D8%A5%D8%B3%D8%B1%D8%A7%D8%A6%D9%8A%D9%84%D9%8A-%D9%82%D8%AF%D8%B1%D8%A7%D8%AA-%D8%A5%D9%8A%D8%B1%D8%A7%D9%86-%D8%B9%D9%84%D9%89-%D8%A7%D8%B3%D8%AA%D9%87%D8%AF%D8%A7%D9%81-%D8%AD%D8%A7%D9%85%D9%84%D8%A9-%D8%A7%D9%84%D8%B7%D8%A7%D8%A6%D8%B1%D8%A7%D8%AA-%D8%A7%D9%84%D8%A3%D9%85%D8%B1%D9%8A%D9%83%D9%8A%D8%A9?_rsc=cpp2f:0
[ 2331191ms] [ERROR] Failed to load resource: the server responded with a status of 500 (Internal Server Error) @ http://localhost:3000/articles/%D8%AA%D8%AD%D9%84%D9%8A%D9%84-%D8%A5%D8%B3%D8%B1%D8%A7%D8%A6%D9%8A%D9%84%D9%8A-%D9%82%D8%AF%D8%B1%D8%A7%D8%AA-%D8%A5%D9%8A%D8%B1%D8%A7%D9%86-%D8%B9%D9%84%D9%89-%D8%A7%D8%B3%D8%AA%D9%87%D8%AF%D8%A7%D9%81-%D8%AD%D8%A7%D9%85%D9%84%D8%A9-%D8%A7%D9%84%D8%B7%D8%A7%D8%A6%D8%B1%D8%A7%D8%AA-%D8%A7%D9%84%D8%A3%D9%85%D8%B1%D9%8A%D9%83%D9%8A%D8%A9?_rsc=cpp2f:0
[ 2331762ms] [ERROR] Failed to load resource: the server responded with a status of 500 (Internal Server Error) @ http://localhost:3000/articles/%D8%AA%D8%AD%D9%84%D9%8A%D9%84-%D8%A5%D8%B3%D8%B1%D8%A7%D8%A6%D9%8A%D9%84%D9%8A-%D9%82%D8%AF%D8%B1%D8%A7%D8%AA-%D8%A5%D9%8A%D8%B1%D8%A7%D9%86-%D8%B9%D9%84%D9%89-%D8%A7%D8%B3%D8%AA%D9%87%D8%AF%D8%A7%D9%81-%D8%AD%D8%A7%D9%85%D9%84%D8%A9-%D8%A7%D9%84%D8%B7%D8%A7%D8%A6%D8%B1%D8%A7%D8%AA-%D8%A7%D9%84%D8%A3%D9%85%D8%B1%D9%8A%D9%83%D9%8A%D8%A9?_rsc=cpp2f:0
[ 2332350ms] [ERROR] Failed to load resource: the server responded with a status of 500 (Internal Server Error) @ http://localhost:3000/articles/%D8%AA%D8%AD%D9%84%D9%8A%D9%84-%D8%A5%D8%B3%D8%B1%D8%A7%D8%A6%D9%8A%D9%84%D9%8A-%D9%82%D8%AF%D8%B1%D8%A7%D8%AA-%D8%A5%D9%8A%D8%B1%D8%A7%D9%86-%D8%B9%D9%84%D9%89-%D8%A7%D8%B3%D8%AA%D9%87%D8%AF%D8%A7%D9%81-%D8%AD%D8%A7%D9%85%D9%84%D8%A9-%D8%A7%D9%84%D8%B7%D8%A7%D8%A6%D8%B1%D8%A7%D8%AA-%D8%A7%D9%84%D8%A3%D9%85%D8%B1%D9%8A%D9%83%D9%8A%D8%A9?_rsc=cpp2f:0
[ 2332930ms] [ERROR] Failed to load resource: the server responded with a status of 500 (Internal Server Error) @ http://localhost:3000/articles/%D8%AA%D8%AD%D9%84%D9%8A%D9%84-%D8%A5%D8%B3%D8%B1%D8%A7%D8%A6%D9%8A%D9%84%D9%8A-%D9%82%D8%AF%D8%B1%D8%A7%D8%AA-%D8%A5%D9%8A%D8%B1%D8%A7%D9%86-%D8%B9%D9%84%D9%89-%D8%A7%D8%B3%D8%AA%D9%87%D8%AF%D8%A7%D9%81-%D8%AD%D8%A7%D9%85%D9%84%D8%A9-%D8%A7%D9%84%D8%B7%D8%A7%D8%A6%D8%B1%D8%A7%D8%AA-%D8%A7%D9%84%D8%A3%D9%85%D8%B1%D9%8A%D9%83%D9%8A%D8%A9?_rsc=cpp2f:0
[ 2333491ms] [ERROR] Failed to load resource: the server responded with a status of 500 (Internal Server Error) @ http://localhost:3000/articles/%D8%AA%D8%AD%D9%84%D9%8A%D9%84-%D8%A5%D8%B3%D8%B1%D8%A7%D8%A6%D9%8A%D9%84%D9%8A-%D9%82%D8%AF%D8%B1%D8%A7%D8%AA-%D8%A5%D9%8A%D8%B1%D8%A7%D9%86-%D8%B9%D9%84%D9%89-%D8%A7%D8%B3%D8%AA%D9%87%D8%AF%D8%A7%D9%81-%D8%AD%D8%A7%D9%85%D9%84%D8%A9-%D8%A7%D9%84%D8%B7%D8%A7%D8%A6%D8%B1%D8%A7%D8%AA-%D8%A7%D9%84%D8%A3%D9%85%D8%B1%D9%8A%D9%83%D9%8A%D8%A9?_rsc=cpp2f:0
[ 2334552ms] [ERROR] Failed to load resource: the server responded with a status of 500 (Internal Server Error) @ http://localhost:3000/articles/%D8%AA%D8%AD%D9%84%D9%8A%D9%84-%D8%A5%D8%B3%D8%B1%D8%A7%D8%A6%D9%8A%D9%84%D9%8A-%D9%82%D8%AF%D8%B1%D8%A7%D8%AA-%D8%A5%D9%8A%D8%B1%D8%A7%D9%86-%D8%B9%D9%84%D9%89-%D8%A7%D8%B3%D8%AA%D9%87%D8%AF%D8%A7%D9%81-%D8%AD%D8%A7%D9%85%D9%84%D8%A9-%D8%A7%D9%84%D8%B7%D8%A7%D8%A6%D8%B1%D8%A7%D8%AA-%D8%A7%D9%84%D8%A3%D9%85%D8%B1%D9%8A%D9%83%D9%8A%D8%A9?_rsc=cpp2f:0
[ 2335796ms] [ERROR] Failed to load resource: the server responded with a status of 500 (Internal Server Error) @ http://localhost:3000/articles/%D8%AA%D8%AD%D9%84%D9%8A%D9%84-%D8%A5%D8%B3%D8%B1%D8%A7%D8%A6%D9%8A%D9%84%D9%8A-%D9%82%D8%AF%D8%B1%D8%A7%D8%AA-%D8%A5%D9%8A%D8%B1%D8%A7%D9%86-%D8%B9%D9%84%D9%89-%D8%A7%D8%B3%D8%AA%D9%87%D8%AF%D8%A7%D9%81-%D8%AD%D8%A7%D9%85%D9%84%D8%A9-%D8%A7%D9%84%D8%B7%D8%A7%D8%A6%D8%B1%D8%A7%D8%AA-%D8%A7%D9%84%D8%A3%D9%85%D8%B1%D9%8A%D9%83%D9%8A%D8%A9?_rsc=cpp2f:0
[ 2336119ms] [ERROR] Failed to load resource: the server responded with a status of 500 (Internal Server Error) @ http://localhost:3000/articles/%D8%AA%D8%AD%D9%84%D9%8A%D9%84-%D8%A5%D8%B3%D8%B1%D8%A7%D8%A6%D9%8A%D9%84%D9%8A-%D9%82%D8%AF%D8%B1%D8%A7%D8%AA-%D8%A5%D9%8A%D8%B1%D8%A7%D9%86-%D8%B9%D9%84%D9%89-%D8%A7%D8%B3%D8%AA%D9%87%D8%AF%D8%A7%D9%81-%D8%AD%D8%A7%D9%85%D9%84%D8%A9-%D8%A7%D9%84%D8%B7%D8%A7%D8%A6%D8%B1%D8%A7%D8%AA-%D8%A7%D9%84%D8%A3%D9%85%D8%B1%D9%8A%D9%83%D9%8A%D8%A9?_rsc=cpp2f:0
[ 2336663ms] [WARNING] Blocked aria-hidden on an element because its descendant retained focus. The focus must not be hidden from assistive technology users. Avoid using aria-hidden on a focused element or its ancestor. Consider using the inert attribute instead, which will also prevent focus. For more details, see the aria-hidden section of the WAI-ARIA specification at https://w3c.github.io/aria/#aria-hidden.
Element with focus: <a.absolute inset-0 transition-all duration-500 ease-in-out opacity-0 scale-105 z-0 pointer-events-none>
Ancestor with aria-hidden: <a.absolute inset-0 transition-all duration-500 ease-in-out opacity-0 scale-105 z-0 pointer-events-none> @ http://localhost:3000/:0
[ 2337494ms] [ERROR] Failed to load resource: the server responded with a status of 500 (Internal Server Error) @ http://localhost:3000/articles/%D8%AA%D8%AD%D9%84%D9%8A%D9%84-%D8%A5%D8%B3%D8%B1%D8%A7%D8%A6%D9%8A%D9%84%D9%8A-%D9%82%D8%AF%D8%B1%D8%A7%D8%AA-%D8%A5%D9%8A%D8%B1%D8%A7%D9%86-%D8%B9%D9%84%D9%89-%D8%A7%D8%B3%D8%AA%D9%87%D8%AF%D8%A7%D9%81-%D8%AD%D8%A7%D9%85%D9%84%D8%A9-%D8%A7%D9%84%D8%B7%D8%A7%D8%A6%D8%B1%D8%A7%D8%AA-%D8%A7%D9%84%D8%A3%D9%85%D8%B1%D9%8A%D9%83%D9%8A%D8%A9?_rsc=cpp2f:0
[ 2341369ms] [ERROR] Failed to load resource: the server responded with a status of 500 (Internal Server Error) @ http://localhost:3000/articles/%D8%AA%D8%AD%D9%84%D9%8A%D9%84-%D8%A5%D8%B3%D8%B1%D8%A7%D8%A6%D9%8A%D9%84%D9%8A-%D9%82%D8%AF%D8%B1%D8%A7%D8%AA-%D8%A5%D9%8A%D8%B1%D8%A7%D9%86-%D8%B9%D9%84%D9%89-%D8%A7%D8%B3%D8%AA%D9%87%D8%AF%D8%A7%D9%81-%D8%AD%D8%A7%D9%85%D9%84%D8%A9-%D8%A7%D9%84%D8%B7%D8%A7%D8%A6%D8%B1%D8%A7%D8%AA-%D8%A7%D9%84%D8%A3%D9%85%D8%B1%D9%8A%D9%83%D9%8A%D8%A9?_rsc=cpp2f:0
[ 2344823ms] [ERROR] Failed to load resource: the server responded with a status of 500 (Internal Server Error) @ http://localhost:3000/articles/%D8%AA%D8%AD%D9%84%D9%8A%D9%84-%D8%A5%D8%B3%D8%B1%D8%A7%D8%A6%D9%8A%D9%84%D9%8A-%D9%82%D8%AF%D8%B1%D8%A7%D8%AA-%D8%A5%D9%8A%D8%B1%D8%A7%D9%86-%D8%B9%D9%84%D9%89-%D8%A7%D8%B3%D8%AA%D9%87%D8%AF%D8%A7%D9%81-%D8%AD%D8%A7%D9%85%D9%84%D8%A9-%D8%A7%D9%84%D8%B7%D8%A7%D8%A6%D8%B1%D8%A7%D8%AA-%D8%A7%D9%84%D8%A3%D9%85%D8%B1%D9%8A%D9%83%D9%8A%D8%A9?_rsc=cpp2f:0
[ 2348252ms] [ERROR] Failed to load resource: the server responded with a status of 500 (Internal Server Error) @ http://localhost:3000/articles/%D8%AA%D8%AD%D9%84%D9%8A%D9%84-%D8%A5%D8%B3%D8%B1%D8%A7%D8%A6%D9%8A%D9%84%D9%8A-%D9%82%D8%AF%D8%B1%D8%A7%D8%AA-%D8%A5%D9%8A%D8%B1%D8%A7%D9%86-%D8%B9%D9%84%D9%89-%D8%A7%D8%B3%D8%AA%D9%87%D8%AF%D8%A7%D9%81-%D8%AD%D8%A7%D9%85%D9%84%D8%A9-%D8%A7%D9%84%D8%B7%D8%A7%D8%A6%D8%B1%D8%A7%D8%AA-%D8%A7%D9%84%D8%A3%D9%85%D8%B1%D9%8A%D9%83%D9%8A%D8%A9?_rsc=cpp2f:0
[ 2351852ms] [ERROR] Failed to load resource: the server responded with a status of 500 (Internal Server Error) @ http://localhost:3000/articles/%D8%AA%D8%AD%D9%84%D9%8A%D9%84-%D8%A5%D8%B3%D8%B1%D8%A7%D8%A6%D9%8A%D9%84%D9%8A-%D9%82%D8%AF%D8%B1%D8%A7%D8%AA-%D8%A5%D9%8A%D8%B1%D8%A7%D9%86-%D8%B9%D9%84%D9%89-%D8%A7%D8%B3%D8%AA%D9%87%D8%AF%D8%A7%D9%81-%D8%AD%D8%A7%D9%85%D9%84%D8%A9-%D8%A7%D9%84%D8%B7%D8%A7%D8%A6%D8%B1%D8%A7%D8%AA-%D8%A7%D9%84%D8%A3%D9%85%D8%B1%D9%8A%D9%83%D9%8A%D8%A9?_rsc=cpp2f:0
[ 2354663ms] [ERROR] Failed to load resource: the server responded with a status of 500 (Internal Server Error) @ http://localhost:3000/articles/%D8%AA%D8%AD%D9%84%D9%8A%D9%84-%D8%A5%D8%B3%D8%B1%D8%A7%D8%A6%D9%8A%D9%84%D9%8A-%D9%82%D8%AF%D8%B1%D8%A7%D8%AA-%D8%A5%D9%8A%D8%B1%D8%A7%D9%86-%D8%B9%D9%84%D9%89-%D8%A7%D8%B3%D8%AA%D9%87%D8%AF%D8%A7%D9%81-%D8%AD%D8%A7%D9%85%D9%84%D8%A9-%D8%A7%D9%84%D8%B7%D8%A7%D8%A6%D8%B1%D8%A7%D8%AA-%D8%A7%D9%84%D8%A3%D9%85%D8%B1%D9%8A%D9%83%D9%8A%D8%A9?_rsc=cpp2f:0
[ 2357952ms] [ERROR] Failed to load resource: the server responded with a status of 500 (Internal Server Error) @ http://localhost:3000/articles/%D8%AA%D8%AD%D9%84%D9%8A%D9%84-%D8%A5%D8%B3%D8%B1%D8%A7%D8%A6%D9%8A%D9%84%D9%8A-%D9%82%D8%AF%D8%B1%D8%A7%D8%AA-%D8%A5%D9%8A%D8%B1%D8%A7%D9%86-%D8%B9%D9%84%D9%89-%D8%A7%D8%B3%D8%AA%D9%87%D8%AF%D8%A7%D9%81-%D8%AD%D8%A7%D9%85%D9%84%D8%A9-%D8%A7%D9%84%D8%B7%D8%A7%D8%A6%D8%B1%D8%A7%D8%AA-%D8%A7%D9%84%D8%A3%D9%85%D8%B1%D9%8A%D9%83%D9%8A%D8%A9?_rsc=cpp2f:0
[ 2361237ms] [ERROR] Failed to load resource: the server responded with a status of 500 (Internal Server Error) @ http://localhost:3000/articles/%D8%AA%D8%AD%D9%84%D9%8A%D9%84-%D8%A5%D8%B3%D8%B1%D8%A7%D8%A6%D9%8A%D9%84%D9%8A-%D9%82%D8%AF%D8%B1%D8%A7%D8%AA-%D8%A5%D9%8A%D8%B1%D8%A7%D9%86-%D8%B9%D9%84%D9%89-%D8%A7%D8%B3%D8%AA%D9%87%D8%AF%D8%A7%D9%81-%D8%AD%D8%A7%D9%85%D9%84%D8%A9-%D8%A7%D9%84%D8%B7%D8%A7%D8%A6%D8%B1%D8%A7%D8%AA-%D8%A7%D9%84%D8%A3%D9%85%D8%B1%D9%8A%D9%83%D9%8A%D8%A9?_rsc=cpp2f:0
[ 2364009ms] [ERROR] Failed to load resource: the server responded with a status of 500 (Internal Server Error) @ http://localhost:3000/articles/%D8%AA%D8%AD%D9%84%D9%8A%D9%84-%D8%A5%D8%B3%D8%B1%D8%A7%D8%A6%D9%8A%D9%84%D9%8A-%D9%82%D8%AF%D8%B1%D8%A7%D8%AA-%D8%A5%D9%8A%D8%B1%D8%A7%D9%86-%D8%B9%D9%84%D9%89-%D8%A7%D8%B3%D8%AA%D9%87%D8%AF%D8%A7%D9%81-%D8%AD%D8%A7%D9%85%D9%84%D8%A9-%D8%A7%D9%84%D8%B7%D8%A7%D8%A6%D8%B1%D8%A7%D8%AA-%D8%A7%D9%84%D8%A3%D9%85%D8%B1%D9%8A%D9%83%D9%8A%D8%A9?_rsc=cpp2f:0
[ 2366791ms] [ERROR] Failed to load resource: net::ERR_CONNECTION_REFUSED @ http://localhost:3000/articles/%D8%AA%D8%AD%D9%84%D9%8A%D9%84-%D8%A5%D8%B3%D8%B1%D8%A7%D8%A6%D9%8A%D9%84%D9%8A-%D9%82%D8%AF%D8%B1%D8%A7%D8%AA-%D8%A5%D9%8A%D8%B1%D8%A7%D9%86-%D8%B9%D9%84%D9%89-%D8%A7%D8%B3%D8%AA%D9%87%D8%AF%D8%A7%D9%81-%D8%AD%D8%A7%D9%85%D9%84%D8%A9-%D8%A7%D9%84%D8%B7%D8%A7%D8%A6%D8%B1%D8%A7%D8%AA-%D8%A7%D9%84%D8%A3%D9%85%D8%B1%D9%8A%D9%83%D9%8A%D8%A9?_rsc=cpp2f:0
[ 2366792ms] [ERROR] Failed to fetch RSC payload for http://localhost:3000/articles/%D8%AA%D8%AD%D9%84%D9%8A%D9%84-%D8%A5%D8%B3%D8%B1%D8%A7%D8%A6%D9%8A%D9%84%D9%8A-%D9%82%D8%AF%D8%B1%D8%A7%D8%AA-%D8%A5%D9%8A%D8%B1%D8%A7%D9%86-%D8%B9%D9%84%D9%89-%D8%A7%D8%B3%D8%AA%D9%87%D8%AF%D8%A7%D9%81-%D8%AD%D8%A7%D9%85%D9%84%D8%A9-%D8%A7%D9%84%D8%B7%D8%A7%D8%A6%D8%B1%D8%A7%D8%AA-%D8%A7%D9%84%D8%A3%D9%85%D8%B1%D9%8A%D9%83%D9%8A%D8%A9. Falling back to browser navigation. TypeError: Failed to fetch
    at createFetch (webpack-internal:///(app-pages-browser)/./node_modules/.pnpm/next@15.4.11_@babel+core@7.29.0_@playwright+test@1.56.1_react-dom@19.2.1_react@19.2.1__react@19.2.1_sass@1.77.4/node_modules/next/dist/client/components/router-reducer/fetch-server-response.js:171:33)
    at fetchServerResponse (webpack-internal:///(app-pages-browser)/./node_modules/.pnpm/next@15.4.11_@babel+core@7.29.0_@playwright+test@1.56.1_react-dom@19.2.1_react@19.2.1__react@19.2.1_sass@1.77.4/node_modules/next/dist/client/components/router-reducer/fetch-server-response.js:96:27)
    at hmrRefreshReducerImpl (webpack-internal:///(app-pages-browser)/./node_modules/.pnpm/next@15.4.11_@babel+core@7.29.0_@playwright+test@1.56.1_react-dom@19.2.1_react@19.2.1__react@19.2.1_sass@1.77.4/node_modules/next/dist/client/components/router-reducer/reducers/hmr-refresh-reducer.js:34:67)
    at clientReducer (webpack-internal:///(app-pages-browser)/./node_modules/.pnpm/next@15.4.11_@babel+core@7.29.0_@playwright+test@1.56.1_react-dom@19.2.1_react@19.2.1__react@19.2.1_sass@1.77.4/node_modules/next/dist/client/components/router-reducer/router-reducer.js:41:65)
    at Object.action (webpack-internal:///(app-pages-browser)/./node_modules/.pnpm/next@15.4.11_@babel+core@7.29.0_@playwright+test@1.56.1_react-dom@19.2.1_react@19.2.1__react@19.2.1_sass@1.77.4/node_modules/next/dist/client/components/app-router-instance.js:156:55)
    at runAction (webpack-internal:///(app-pages-browser)/./node_modules/.pnpm/next@15.4.11_@babel+core@7.29.0_@playwright+test@1.56.1_react-dom@19.2.1_react@19.2.1__react@19.2.1_sass@1.77.4/node_modules/next/dist/client/components/app-router-instance.js:66:38)
    at runRemainingActions (webpack-internal:///(app-pages-browser)/./node_modules/.pnpm/next@15.4.11_@babel+core@7.29.0_@playwright+test@1.56.1_react-dom@19.2.1_react@19.2.1__react@19.2.1_sass@1.77.4/node_modules/next/dist/client/components/app-router-instance.js:44:13)
    at handleResult (webpack-internal:///(app-pages-browser)/./node_modules/.pnpm/next@15.4.11_@babel+core@7.29.0_@playwright+test@1.56.1_react-dom@19.2.1_react@19.2.1__react@19.2.1_sass@1.77.4/node_modules/next/dist/client/components/app-router-instance.js:73:9) @ webpack-internal:///(app-pages-browser)/./node_modules/.pnpm/next@15.4.11_@babel+core@7.29.0_@playwright+test@1.56.1_react-dom@19.2.1_react@19.2.1__react@19.2.1_sass@1.77.4/node_modules/next/dist/next-devtools/userspace/app/errors/intercept-console-error.js:56
[ 2366797ms] [ERROR] Failed to load resource: net::ERR_CONNECTION_REFUSED @ http://localhost:3000/articles/%D8%AA%D8%AD%D9%84%D9%8A%D9%84-%D8%A5%D8%B3%D8%B1%D8%A7%D8%A6%D9%8A%D9%84%D9%8A-%D9%82%D8%AF%D8%B1%D8%A7%D8%AA-%D8%A5%D9%8A%D8%B1%D8%A7%D9%86-%D8%B9%D9%84%D9%89-%D8%A7%D8%B3%D8%AA%D9%87%D8%AF%D8%A7%D9%81-%D8%AD%D8%A7%D9%85%D9%84%D8%A9-%D8%A7%D9%84%D8%B7%D8%A7%D8%A6%D8%B1%D8%A7%D8%AA-%D8%A7%D9%84%D8%A3%D9%85%D8%B1%D9%8A%D9%83%D9%8A%D8%A9?_rsc=cpp2f:0
[ 2366797ms] [ERROR] Failed to fetch RSC payload for http://localhost:3000/articles/%D8%AA%D8%AD%D9%84%D9%8A%D9%84-%D8%A5%D8%B3%D8%B1%D8%A7%D8%A6%D9%8A%D9%84%D9%8A-%D9%82%D8%AF%D8%B1%D8%A7%D8%AA-%D8%A5%D9%8A%D8%B1%D8%A7%D9%86-%D8%B9%D9%84%D9%89-%D8%A7%D8%B3%D8%AA%D9%87%D8%AF%D8%A7%D9%81-%D8%AD%D8%A7%D9%85%D9%84%D8%A9-%D8%A7%D9%84%D8%B7%D8%A7%D8%A6%D8%B1%D8%A7%D8%AA-%D8%A7%D9%84%D8%A3%D9%85%D8%B1%D9%8A%D9%83%D9%8A%D8%A9. Falling back to browser navigation. TypeError: Failed to fetch
    at createFetch (webpack-internal:///(app-pages-browser)/./node_modules/.pnpm/next@15.4.11_@babel+core@7.29.0_@playwright+test@1.56.1_react-dom@19.2.1_react@19.2.1__react@19.2.1_sass@1.77.4/node_modules/next/dist/client/components/router-reducer/fetch-server-response.js:171:33)
    at fetchServerResponse (webpack-internal:///(app-pages-browser)/./node_modules/.pnpm/next@15.4.11_@babel+core@7.29.0_@playwright+test@1.56.1_react-dom@19.2.1_react@19.2.1__react@19.2.1_sass@1.77.4/node_modules/next/dist/client/components/router-reducer/fetch-server-response.js:96:27)
    at hmrRefreshReducerImpl (webpack-internal:///(app-pages-browser)/./node_modules/.pnpm/next@15.4.11_@babel+core@7.29.0_@playwright+test@1.56.1_react-dom@19.2.1_react@19.2.1__react@19.2.1_sass@1.77.4/node_modules/next/dist/client/components/router-reducer/reducers/hmr-refresh-reducer.js:34:67)
    at clientReducer (webpack-internal:///(app-pages-browser)/./node_modules/.pnpm/next@15.4.11_@babel+core@7.29.0_@playwright+test@1.56.1_react-dom@19.2.1_react@19.2.1__react@19.2.1_sass@1.77.4/node_modules/next/dist/client/components/router-reducer/router-reducer.js:41:65)
    at Object.action (webpack-internal:///(app-pages-browser)/./node_modules/.pnpm/next@15.4.11_@babel+core@7.29.0_@playwright+test@1.56.1_react-dom@19.2.1_react@19.2.1__react@19.2.1_sass@1.77.4/node_modules/next/dist/client/components/app-router-instance.js:156:55)
    at runAction (webpack-internal:///(app-pages-browser)/./node_modules/.pnpm/next@15.4.11_@babel+core@7.29.0_@playwright+test@1.56.1_react-dom@19.2.1_react@19.2.1__react@19.2.1_sass@1.77.4/node_modules/next/dist/client/components/app-router-instance.js:66:38)
    at runRemainingActions (webpack-internal:///(app-pages-browser)/./node_modules/.pnpm/next@15.4.11_@babel+core@7.29.0_@playwright+test@1.56.1_react-dom@19.2.1_react@19.2.1__react@19.2.1_sass@1.77.4/node_modules/next/dist/client/components/app-router-instance.js:44:13)
    at handleResult (webpack-internal:///(app-pages-browser)/./node_modules/.pnpm/next@15.4.11_@babel+core@7.29.0_@playwright+test@1.56.1_react-dom@19.2.1_react@19.2.1__react@19.2.1_sass@1.77.4/node_modules/next/dist/client/components/app-router-instance.js:73:9) @ webpack-internal:///(app-pages-browser)/./node_modules/.pnpm/next@15.4.11_@babel+core@7.29.0_@playwright+test@1.56.1_react-dom@19.2.1_react@19.2.1__react@19.2.1_sass@1.77.4/node_modules/next/dist/next-devtools/userspace/app/errors/intercept-console-error.js:56
[ 2366806ms] [ERROR] Failed to load resource: net::ERR_CONNECTION_REFUSED @ http://localhost:3000/articles/%D8%AA%D8%AD%D9%84%D9%8A%D9%84-%D8%A5%D8%B3%D8%B1%D8%A7%D8%A6%D9%8A%D9%84%D9%8A-%D9%82%D8%AF%D8%B1%D8%A7%D8%AA-%D8%A5%D9%8A%D8%B1%D8%A7%D9%86-%D8%B9%D9%84%D9%89-%D8%A7%D8%B3%D8%AA%D9%87%D8%AF%D8%A7%D9%81-%D8%AD%D8%A7%D9%85%D9%84%D8%A9-%D8%A7%D9%84%D8%B7%D8%A7%D8%A6%D8%B1%D8%A7%D8%AA-%D8%A7%D9%84%D8%A3%D9%85%D8%B1%D9%8A%D9%83%D9%8A%D8%A9?_rsc=cpp2f:0
[ 2366806ms] [ERROR] Failed to fetch RSC payload for http://localhost:3000/articles/%D8%AA%D8%AD%D9%84%D9%8A%D9%84-%D8%A5%D8%B3%D8%B1%D8%A7%D8%A6%D9%8A%D9%84%D9%8A-%D9%82%D8%AF%D8%B1%D8%A7%D8%AA-%D8%A5%D9%8A%D8%B1%D8%A7%D9%86-%D8%B9%D9%84%D9%89-%D8%A7%D8%B3%D8%AA%D9%87%D8%AF%D8%A7%D9%81-%D8%AD%D8%A7%D9%85%D9%84%D8%A9-%D8%A7%D9%84%D8%B7%D8%A7%D8%A6%D8%B1%D8%A7%D8%AA-%D8%A7%D9%84%D8%A3%D9%85%D8%B1%D9%8A%D9%83%D9%8A%D8%A9. Falling back to browser navigation. TypeError: Failed to fetch
    at createFetch (webpack-internal:///(app-pages-browser)/./node_modules/.pnpm/next@15.4.11_@babel+core@7.29.0_@playwright+test@1.56.1_react-dom@19.2.1_react@19.2.1__react@19.2.1_sass@1.77.4/node_modules/next/dist/client/components/router-reducer/fetch-server-response.js:171:33)
    at fetchServerResponse (webpack-internal:///(app-pages-browser)/./node_modules/.pnpm/next@15.4.11_@babel+core@7.29.0_@playwright+test@1.56.1_react-dom@19.2.1_react@19.2.1__react@19.2.1_sass@1.77.4/node_modules/next/dist/client/components/router-reducer/fetch-server-response.js:96:27)
    at hmrRefreshReducerImpl (webpack-internal:///(app-pages-browser)/./node_modules/.pnpm/next@15.4.11_@babel+core@7.29.0_@playwright+test@1.56.1_react-dom@19.2.1_react@19.2.1__react@19.2.1_sass@1.77.4/node_modules/next/dist/client/components/router-reducer/reducers/hmr-refresh-reducer.js:34:67)
    at clientReducer (webpack-internal:///(app-pages-browser)/./node_modules/.pnpm/next@15.4.11_@babel+core@7.29.0_@playwright+test@1.56.1_react-dom@19.2.1_react@19.2.1__react@19.2.1_sass@1.77.4/node_modules/next/dist/client/components/router-reducer/router-reducer.js:41:65)
    at Object.action (webpack-internal:///(app-pages-browser)/./node_modules/.pnpm/next@15.4.11_@babel+core@7.29.0_@playwright+test@1.56.1_react-dom@19.2.1_react@19.2.1__react@19.2.1_sass@1.77.4/node_modules/next/dist/client/components/app-router-instance.js:156:55)
    at runAction (webpack-internal:///(app-pages-browser)/./node_modules/.pnpm/next@15.4.11_@babel+core@7.29.0_@playwright+test@1.56.1_react-dom@19.2.1_react@19.2.1__react@19.2.1_sass@1.77.4/node_modules/next/dist/client/components/app-router-instance.js:66:38)
    at runRemainingActions (webpack-internal:///(app-pages-browser)/./node_modules/.pnpm/next@15.4.11_@babel+core@7.29.0_@playwright+test@1.56.1_react-dom@19.2.1_react@19.2.1__react@19.2.1_sass@1.77.4/node_modules/next/dist/client/components/app-router-instance.js:44:13)
    at handleResult (webpack-internal:///(app-pages-browser)/./node_modules/.pnpm/next@15.4.11_@babel+core@7.29.0_@playwright+test@1.56.1_react-dom@19.2.1_react@19.2.1__react@19.2.1_sass@1.77.4/node_modules/next/dist/client/components/app-router-instance.js:73:9) @ webpack-internal:///(app-pages-browser)/./node_modules/.pnpm/next@15.4.11_@babel+core@7.29.0_@playwright+test@1.56.1_react-dom@19.2.1_react@19.2.1__react@19.2.1_sass@1.77.4/node_modules/next/dist/next-devtools/userspace/app/errors/intercept-console-error.js:56
[ 2366807ms] [ERROR] Failed to load resource: net::ERR_CONNECTION_REFUSED @ http://localhost:3000/__nextjs_original-stack-frames:0
[ 2366824ms] [ERROR] Failed to load resource: net::ERR_CONNECTION_REFUSED @ http://localhost:3000/__nextjs_font/geist-latin.woff2:0
